2024-03-13T00:33:06.882+05:30  INFO 15508 --- [Logging-Applocation-1] [main] I.LoggingApplocation1Application         : Starting LoggingApplocation1Application using Java 17.0.9 with PID 15508 (C:\Users\NATABAR PRADHAN\Documents\workspace-spring-tool-suite-4-4.8.1.RELEASE\Logging-Applocation-1\target\classes started by NATABAR PRADHAN in C:\Users\NATABAR PRADHAN\Documents\workspace-spring-tool-suite-4-4.8.1.RELEASE\Logging-Applocation-1)
2024-03-13T00:33:06.883+05:30  INFO 15508 --- [Logging-Applocation-1] [main] I.LoggingApplocation1Application         : No active profile set, falling back to 1 default profile: "default"
2024-03-13T00:33:07.421+05:30  INFO 15508 --- [Logging-Applocation-1] [main] o.s.b.w.embedded.tomcat.TomcatWebServer  : Tomcat initialized with port 9090 (http)
2024-03-13T00:33:07.434+05:30  INFO 15508 --- [Logging-Applocation-1] [main] o.apache.catalina.core.StandardService   : Starting service [Tomcat]
2024-03-13T00:33:07.434+05:30  INFO 15508 --- [Logging-Applocation-1] [main] o.apache.catalina.core.StandardEngine    : Starting Servlet engine: [Apache Tomcat/10.1.19]
2024-03-13T00:33:07.474+05:30  INFO 15508 --- [Logging-Applocation-1] [main] o.a.c.c.C.[Tomcat].[localhost].[/]       : Initializing Spring embedded WebApplicationContext
2024-03-13T00:33:07.474+05:30  INFO 15508 --- [Logging-Applocation-1] [main] w.s.c.ServletWebServerApplicationContext : Root WebApplicationContext: initialization completed in 559 ms
2024-03-13T00:33:07.691+05:30  WARN 15508 --- [Logging-Applocation-1] [main] ConfigServletWebServerApplicationContext : Exception encountered during context initialization - cancelling refresh attempt: org.springframework.context.ApplicationContextException: Failed to start bean 'webServerStartStop'
2024-03-13T00:33:07.704+05:30  INFO 15508 --- [Logging-Applocation-1] [main] .s.b.a.l.ConditionEvaluationReportLogger : 

Error starting ApplicationContext. To display the condition evaluation report re-run your application with 'debug' enabled.
2024-03-13T00:33:07.717+05:30 ERROR 15508 --- [Logging-Applocation-1] [main] o.s.b.d.LoggingFailureAnalysisReporter   : 

***************************
APPLICATION FAILED TO START
***************************

Description:

Web server failed to start. Port 9090 was already in use.

Action:

Identify and stop the process that's listening on port 9090 or configure this application to listen on another port.

2024-03-13T00:33:34.003+05:30  INFO 23616 --- [Logging-Applocation-1] [main] I.LoggingApplocation1Application         : Starting LoggingApplocation1Application using Java 17.0.9 with PID 23616 (C:\Users\NATABAR PRADHAN\Documents\workspace-spring-tool-suite-4-4.8.1.RELEASE\Logging-Applocation-1\target\classes started by NATABAR PRADHAN in C:\Users\NATABAR PRADHAN\Documents\workspace-spring-tool-suite-4-4.8.1.RELEASE\Logging-Applocation-1)
2024-03-13T00:33:34.005+05:30  INFO 23616 --- [Logging-Applocation-1] [main] I.LoggingApplocation1Application         : No active profile set, falling back to 1 default profile: "default"
2024-03-13T00:33:34.548+05:30  INFO 23616 --- [Logging-Applocation-1] [main] o.s.b.w.embedded.tomcat.TomcatWebServer  : Tomcat initialized with port 9090 (http)
2024-03-13T00:33:34.555+05:30  INFO 23616 --- [Logging-Applocation-1] [main] o.apache.catalina.core.StandardService   : Starting service [Tomcat]
2024-03-13T00:33:34.556+05:30  INFO 23616 --- [Logging-Applocation-1] [main] o.apache.catalina.core.StandardEngine    : Starting Servlet engine: [Apache Tomcat/10.1.19]
2024-03-13T00:33:34.601+05:30  INFO 23616 --- [Logging-Applocation-1] [main] o.a.c.c.C.[Tomcat].[localhost].[/]       : Initializing Spring embedded WebApplicationContext
2024-03-13T00:33:34.602+05:30  INFO 23616 --- [Logging-Applocation-1] [main] w.s.c.ServletWebServerApplicationContext : Root WebApplicationContext: initialization completed in 564 ms
2024-03-13T00:33:34.832+05:30  INFO 23616 --- [Logging-Applocation-1] [main] o.s.b.w.embedded.tomcat.TomcatWebServer  : Tomcat started on port 9090 (http) with context path ''
2024-03-13T00:33:34.838+05:30  INFO 23616 --- [Logging-Applocation-1] [main] I.LoggingApplocation1Application         : Started LoggingApplocation1Application in 1.109 seconds (process running for 1.51)
2024-03-13T00:33:55.027+05:30  INFO 23616 --- [Logging-Applocation-1] [http-nio-9090-exec-1] o.a.c.c.C.[Tomcat].[localhost].[/]       : Initializing Spring DispatcherServlet 'dispatcherServlet'
2024-03-13T00:33:55.027+05:30  INFO 23616 --- [Logging-Applocation-1] [http-nio-9090-exec-1] o.s.web.servlet.DispatcherServlet        : Initializing Servlet 'dispatcherServlet'
2024-03-13T00:33:55.027+05:30  INFO 23616 --- [Logging-Applocation-1] [http-nio-9090-exec-1] o.s.web.servlet.DispatcherServlet        : Completed initialization in 0 ms
2024-03-13T00:33:55.045+05:30  INFO 23616 --- [Logging-Applocation-1] [http-nio-9090-exec-1] Intellect.Service.FlifCartService        : returnMsgToClient before method
2024-03-13T00:33:55.045+05:30  INFO 23616 --- [Logging-Applocation-1] [http-nio-9090-exec-1] Intellect.Service.FlifCartService        : returnMsgToClient after method
2024-03-13T01:00:58.547+05:30  INFO 23616 --- [Logging-Applocation-1] [RMI TCP Connection(31)-127.0.0.1] inMXBeanRegistrar$SpringApplicationAdmin : Application shutdown requested.
